<?xml version="1.0" encoding="UTF-8"?>
<testsuite name="com.example.kafkabenchmark.key.HighCardinalityKeyGeneratorTest" tests="1" skipped="0" failures="0" errors="0" timestamp="2025-09-07T18:18:50.135Z" hostname="LAPTOP-BNPCRPQH" time="0.006">
  <properties/>
  <testcase name="testGenerateKey" classname="com.example.kafkabenchmark.key.HighCardinalityKeyGeneratorTest" time="0.006"/>
  <system-out><![CDATA[]]></system-out>
  <system-err><![CDATA[]]></system-err>
</testsuite>
