<?xml version="1.0" encoding="UTF-8"?>
<testsuite name="com.example.kafkabenchmark.key.LowCardinalityKeyGeneratorTest" tests="1" skipped="0" failures="0" errors="0" timestamp="2025-09-07T18:18:50.145Z" hostname="LAPTOP-BNPCRPQH" time="0.001">
  <properties/>
  <testcase name="testGenerateKey" classname="com.example.kafkabenchmark.key.LowCardinalityKeyGeneratorTest" time="0.001"/>
  <system-out><![CDATA[]]></system-out>
  <system-err><![CDATA[]]></system-err>
</testsuite>
